  Source.c
C:\Users\Admin\source\repos\BinaryTree\BinaryTree\Source.c(32,9): warning C4013: memcpy: нет определения; предполагается "extern" с возвратом типа "int"
C:\Users\Admin\source\repos\BinaryTree\BinaryTree\Source.c(37,24): warning C4133: функция: несовместимые типы - из "treeNode **" в "node **"
C:\Users\Admin\source\repos\BinaryTree\BinaryTree\Source.c(39,23): warning C4133: функция: несовместимые типы - из "treeNode **" в "node **"
C:\Users\Admin\source\repos\BinaryTree\BinaryTree\Source.c(48,28): warning C4133: функция: несовместимые типы - из "treeNode *" в "node *"
C:\Users\Admin\source\repos\BinaryTree\BinaryTree\Source.c(51,27): warning C4133: функция: несовместимые типы - из "treeNode *" в "node *"
C:\Users\Admin\source\repos\BinaryTree\BinaryTree\Source.c(63,21): warning C4133: =: несовместимые типы - из "node *" в "treeNode *"
C:\Users\Admin\source\repos\BinaryTree\BinaryTree\Source.c(64,22): warning C4133: =: несовместимые типы - из "node *" в "treeNode *"
C:\Users\Admin\source\repos\BinaryTree\BinaryTree\Source.c(70,31): warning C4047: функция: "node *" отличается по уровням косвенного обращения от "node **"
C:\Users\Admin\source\repos\BinaryTree\BinaryTree\Source.c(70,31): warning C4024: ptrToRoot: различные типы для формального и фактического параметров 1
C:\Users\Admin\source\repos\BinaryTree\BinaryTree\Source.c(78,25): warning C4133: =: несовместимые типы - из "treeNode *" в "node *"
C:\Users\Admin\source\repos\BinaryTree\BinaryTree\Source.c(80,24): warning C4133: =: несовместимые типы - из "treeNode *" в "node *"
C:\Users\Admin\source\repos\BinaryTree\BinaryTree\Source.c(85,20): warning C4047: ==: "node *" отличается по уровням косвенного обращения от "node **"
C:\Users\Admin\source\repos\BinaryTree\BinaryTree\Source.c(94,20): warning C4047: ==: "node *" отличается по уровням косвенного обращения от "node **"
C:\Users\Admin\source\repos\BinaryTree\BinaryTree\Source.c(95,25): warning C4133: =: несовместимые типы - из "treeNode *" в "node *"
C:\Users\Admin\source\repos\BinaryTree\BinaryTree\Source.c(110,47): warning C4133: =: несовместимые типы - из "treeNode *" в "node *"
C:\Users\Admin\source\repos\BinaryTree\BinaryTree\Source.c(111,27): warning C4133: ==: несовместимые типы - из "treeNode *" в "node *"
C:\Users\Admin\source\repos\BinaryTree\BinaryTree\Source.c(113,53): warning C4133: =: несовместимые типы - из "node *" в "treeNode *"
C:\Users\Admin\source\repos\BinaryTree\BinaryTree\Source.c(114,29): warning C4133: =: несовместимые типы - из "node *" в "treeNode *"
C:\Users\Admin\source\repos\BinaryTree\BinaryTree\Source.c(69,1): warning C4047: инициализация: "node *" отличается по уровням косвенного обращения от "node **"
C:\Users\Admin\source\repos\BinaryTree\BinaryTree\Source.c(109,1): warning C4133: инициализация: несовместимые типы - из "treeNode *" в "node *"
C:\Users\Admin\source\repos\BinaryTree\BinaryTree\Source.c(129,16): warning C4133: функция: несовместимые типы - из "treeNode *" в "node *"
C:\Users\Admin\source\repos\BinaryTree\BinaryTree\Source.c(133,16): warning C4133: функция: несовместимые типы - из "treeNode *" в "node *"
C:\Users\Admin\source\repos\BinaryTree\BinaryTree\Source.c(139,10): warning C4477: "printf": в строке форматирования "%c" требуется аргумент типа "int", но вариативный аргумент "1" имеет тип "void *"
C:\Users\Admin\source\repos\BinaryTree\BinaryTree\Source.c(140,22): warning C4133: функция: несовместимые типы - из "treeNode *" в "node *"
C:\Users\Admin\source\repos\BinaryTree\BinaryTree\Source.c(141,23): warning C4133: функция: несовместимые типы - из "treeNode *" в "node *"
C:\Users\Admin\source\repos\BinaryTree\BinaryTree\Source.c(147,23): warning C4133: функция: несовместимые типы - из "treeNode *" в "node *"
C:\Users\Admin\source\repos\BinaryTree\BinaryTree\Source.c(148,24): warning C4133: функция: несовместимые типы - из "treeNode *" в "node *"
C:\Users\Admin\source\repos\BinaryTree\BinaryTree\Source.c(149,10): warning C4477: "printf": в строке форматирования "%c" требуется аргумент типа "int", но вариативный аргумент "1" имеет тип "void *"
C:\Users\Admin\source\repos\BinaryTree\BinaryTree\Source.c(156,25): warning C4047: ==: "void *" отличается по уровням косвенного обращения от "int"
C:\Users\Admin\source\repos\BinaryTree\BinaryTree\Source.c(156,45): warning C4047: ==: "void *" отличается по уровням косвенного обращения от "int"
C:\Users\Admin\source\repos\BinaryTree\BinaryTree\Source.c(157,21): warning C4133: функция: несовместимые типы - из "treeNode *" в "node *"
C:\Users\Admin\source\repos\BinaryTree\BinaryTree\Source.c(159,22): warning C4133: функция: несовместимые типы - из "treeNode *" в "node *"
C:\Users\Admin\source\repos\BinaryTree\BinaryTree\Source.c(160,26): warning C4047: ==: "void *" отличается по уровням косвенного обращения от "int"
C:\Users\Admin\source\repos\BinaryTree\BinaryTree\Source.c(160,47): warning C4047: ==: "void *" отличается по уровням косвенного обращения от "int"
C:\Users\Admin\source\repos\BinaryTree\BinaryTree\Source.c(188,13): warning C4047: функция: "node **" отличается по уровням косвенного обращения от "node *"
C:\Users\Admin\source\repos\BinaryTree\BinaryTree\Source.c(188,13): warning C4024: delete: различные типы для формального и фактического параметров 1
C:\Users\Admin\source\repos\BinaryTree\BinaryTree\Source.c(192,13): warning C4047: функция: "node **" отличается по уровням косвенного обращения от "node *"
C:\Users\Admin\source\repos\BinaryTree\BinaryTree\Source.c(192,13): warning C4024: delete: различные типы для формального и фактического параметров 1
C:\Users\Admin\source\repos\BinaryTree\BinaryTree\Source.c(65): warning C4716: ptrToRoot: должна возвращать значение
  BinaryTree.vcxproj -> C:\Users\Admin\source\repos\BinaryTree\Debug\BinaryTree.exe
